<?xml version="1.0" encoding="UTF-8"?>
<!-- Generated by org.testng.reporters.JUnitReportReporter -->
<testsuite hostname="SumithAmin" failures="0" tests="2" name="sumith.com.DataProvidersTestNG" time="0.008" errors="0" timestamp="2024-05-14T17:47:01 IST" skipped="0">
  <testcase classname="sumith.com.DataProvidersTestNG" name="login" time="0.001"/>
  <system-out/>
  <testcase classname="sumith.com.DataProvidersTestNG" name="login" time="0.007"/>
  <system-out/>
</testsuite> <!-- sumith.com.DataProvidersTestNG -->
