<?xml version="1.0" encoding="UTF-8"?>
<!-- Generated by org.testng.reporters.JUnitReportReporter -->
<testsuite hostname="SumithAmin" failures="0" tests="3" name="sumith.com.Sample" time="0.013" errors="0" timestamp="2024-05-02T16:01:21 IST" skipped="0">
  <testcase classname="sumith.com.Sample" name="a" time="0.011"/>
  <system-out/>
  <testcase classname="sumith.com.Sample" name="A" time="0.001"/>
  <system-out/>
  <testcase classname="sumith.com.Sample" name="Abc" time="0.001"/>
  <system-out/>
</testsuite> <!-- sumith.com.Sample -->
