<?xml version="1.0" encoding="UTF-8"?>
<!-- Generated by org.testng.reporters.JUnitReportReporter -->
<testsuite hostname="SumithAmin" failures="0" tests="3" name="sumith.com.Sample2" time="0.010" errors="0" timestamp="2024-07-30T12:05:51 IST" skipped="0">
  <testcase classname="sumith.com.Sample2" name="a1" time="0.007"/>
  <system-out/>
  <testcase classname="sumith.com.Sample2" name="A2" time="0.001"/>
  <system-out/>
  <testcase classname="sumith.com.Sample2" name="Abc3" time="0.002"/>
  <system-out/>
</testsuite> <!-- sumith.com.Sample2 -->
