<?xml version="1.0" encoding="UTF-8"?>
<!-- Generated by org.testng.reporters.JUnitReportReporter -->
<testsuite hostname="SumithAmin" failures="0" tests="2" name="sumith.com.groupsTag" time="0.009" errors="0" timestamp="2024-05-14T15:42:59 IST" skipped="0">
  <testcase classname="sumith.com.groupsTag" name="test2" time="0.007"/>
  <system-out/>
  <testcase classname="sumith.com.groupsTag" name="test4" time="0.002"/>
  <system-out/>
</testsuite> <!-- sumith.com.groupsTag -->
